<?xml version="1.0" encoding="UTF-8"?>
<testng-results skipped="0" failed="0" ignored="0" total="1" passed="1">
  <reporter-output>
  </reporter-output>
  <suite name="Default suite" duration-ms="3349" started-at="2020-09-25T23:30:29Z" finished-at="2020-09-25T23:30:33Z">
    <groups>
    </groups>
    <test name="Default test" duration-ms="3349" started-at="2020-09-25T23:30:29Z" finished-at="2020-09-25T23:30:33Z">
      <class name="tests.DELETE">
        <test-method status="PASS" signature="TestCase_01()[pri:0, instance:tests.DELETE@d8355a8]" name="TestCase_01" duration-ms="3314" started-at="2020-09-26T00:30:29Z" finished-at="2020-09-26T00:30:33Z">
          <reporter-output>
          </reporter-output>
        </test-method> <!-- TestCase_01 -->
      </class> <!-- tests.DELETE -->
    </test> <!-- Default test -->
  </suite> <!-- Default suite -->
</testng-results>
